[debug] ----------------------------------------------------------------------
[debug] Command:      /usr/local/bin/node /usr/local/bin/firebase serve
[debug] CLI Version:  3.0.8
[debug] Platform:     darwin
[debug] Node Version: v4.6.0
[debug] Time:         Sun Oct 09 2016 14:00:38 GMT-0600 (MDT)
[debug] ----------------------------------------------------------------------
[debug] 
[info] Starting Firebase development server...
[info] 
[info] Project Directory: /Users/pavelasparouhov/Desktop/redAndBlack/friendlychat/web-start
[info] Public Directory: ./
[info] 
[info] Server listening at: http://localhost:5000
[debug] ----------------------------------------------------------------------
[debug] Command:      /usr/local/bin/node /usr/local/bin/firebase serve
[debug] CLI Version:  3.0.8
[debug] Platform:     darwin
[debug] Node Version: v4.6.0
[debug] Time:         Sun Oct 09 2016 19:32:24 GMT-0600 (MDT)
[debug] ----------------------------------------------------------------------
[debug] 
[info] Starting Firebase development server...
[info] 
[info] Project Directory: /Users/pavelasparouhov/Desktop/redAndBlack/friendlychat/web-start
[info] Public Directory: ./
[info] 
[info] Server listening at: http://localhost:5000
[debug] ----------------------------------------------------------------------
[debug] Command:      /usr/local/bin/node /usr/local/bin/firebase serve
[debug] CLI Version:  3.0.8
[debug] Platform:     darwin
[debug] Node Version: v4.6.0
[debug] Time:         Mon Oct 17 2016 13:15:55 GMT-0600 (MDT)
[debug] ----------------------------------------------------------------------
[debug] 
[info] Starting Firebase development server...
[info] 
[info] Project Directory: /Users/pavelasparouhov/Desktop/redAndBlack/friendlychat/web-start
[info] Public Directory: ./
[info] 
[info] Server listening at: http://localhost:5000
